\BOOKMARK [0][-]{chapter*.1}{\376\377\144\130\211\201}{}% 1
\BOOKMARK [0][-]{chapter*.2}{\376\377\166\356\223\004}{}% 2
\BOOKMARK [0][-]{chapter*.3}{\376\377\210\150\166\356\223\004}{}% 3
\BOOKMARK [0][-]{chapter*.4}{\376\377\127\026\166\356\223\004}{}% 4
\BOOKMARK [0][-]{chapter.1}{\376\377\226\373\201\146\170\154\232\324}{}% 5
\BOOKMARK [0][-]{chapter.2}{\376\377\144\315\117\134\174\373\175\161}{}% 6
\BOOKMARK [1][-]{section.2.1}{\376\377\000W\000i\000n\000d\000o\000w\000s}{chapter.2}% 7
\BOOKMARK [1][-]{section.2.2}{\376\377\000U\000b\000u\000n\000t\000u}{chapter.2}% 8
\BOOKMARK [0][-]{chapter.3}{\376\377\226\373\201\146\175\262\215\357}{}% 9
\BOOKMARK [1][-]{section.3.1}{\376\377\000I\000P\000v\0004}{chapter.3}% 10
\BOOKMARK [1][-]{section.3.2}{\376\377\000I\000P\000v\0006}{chapter.3}% 11
\BOOKMARK [0][-]{chapter.4}{\376\377\212\010\173\227\152\137\172\013\137\017}{}% 12
\BOOKMARK [1][-]{section.4.1}{\376\377\000C}{chapter.4}% 13
\BOOKMARK [1][-]{section.4.2}{\376\377\000P\000y\000t\000h\000o\000n}{chapter.4}% 14
\BOOKMARK [1][-]{section.4.3}{\376\377\000B\000r\000y\000t\000h\000o\000n}{chapter.4}% 15
\BOOKMARK [1][-]{section.4.4}{\376\377\000P\000y\000Q\000t}{chapter.4}% 16
\BOOKMARK [0][-]{chapter.5}{\376\377\226\373\201\146\217\024\122\251\212\055\212\010}{}% 17
\BOOKMARK [1][-]{section.5.1}{\376\377\201\352\122\325\143\247\122\066}{chapter.5}% 18
\BOOKMARK [1][-]{section.5.2}{\376\377\152\137\150\260\174\373\175\161\152\041\144\354}{chapter.5}% 19
\BOOKMARK [1][-]{section.5.3}{\376\377\157\024\123\026\220\113\173\227\000\040\000\050\000E\000v\000o\000l\000u\000t\000i\000o\000n\000a\000r\000y\000\040\000C\000o\000m\000p\000u\000t\000a\000t\000i\000o\000n\000\051}{chapter.5}% 20
\BOOKMARK [0][-]{chapter.6}{\376\377\212\030\141\266\232\324\143\011\223\165\206\125\164\006\202\007\166\364\143\245\220\113\173\227\000\050\220\113\173\227\145\271\137\017\000\051}{}% 21
\BOOKMARK [1][-]{section.6.1}{\376\377\212\030\141\266\232\324\143\011\223\165\206\125\164\006}{chapter.6}% 22
\BOOKMARK [0][-]{chapter.7}{\376\377\0004\0000\0006\0002\0003\0002\0004\0002\000\040\212\010\173\227\152\137\172\013\137\017}{}% 23
\BOOKMARK [1][-]{section.7.1}{\376\377\156\005\226\144\143\011\223\165}{chapter.7}% 24
\BOOKMARK [0][-]{chapter*.5}{\376\377\123\303\200\003\145\207\163\173}{}% 25
